<?xml version="1.0" encoding="UTF-8"?>
<!-- Generated by org.testng.reporters.JUnitXMLReporter -->
<testsuite ignored="0" hostname="DESKTOP-4S0UVB3" failures="1" tests="14" name="goldsikkaTest" time="455.076" errors="0" timestamp="2023-05-06T10:15:24 IST">
  <testcase classname="sprinttestng.logouttestng" name="test2" time="8.534"/>
  <testcase classname="sprinttestng.Scheamtestng" name="test" time="30.541"/>
  <testcase classname="sprinttestng.scheambookaccounttestng" name="test1" time="38.482"/>
  <testcase classname="Bookingacc.addmoneytestng" name="test" time="44.764"/>
  <testcase classname="Bookingacc.withdramoney" name="test" time="13.942"/>
  <testcase classname="dashboard.dashboardtestng" name="test" time="17.836"/>
  <testcase classname="goldsuvidha.Buygold" name="test1" time="43.187"/>
  <testcase classname="goldsuvidha.buygoldbacctestng" name="test1" time="32.417"/>
  <testcase classname="goldsuvidha.redeemtestng" name="test1" time="4.343">
    <failure type="org.openqa.selenium.ElementClickInterceptedException" message="element click intercepted: Element &amp;lt;button _ngcontent-qrr-c52=&amp;quot;&amp;quot; type=&amp;quot;submit&amp;quot; class=&amp;quot;btn btn-primary btn-block btn-md&amp;quot;&amp;gt;...&amp;lt;/button&amp;gt; is not clickable at point (668, 326). Other element would receive the click: &amp;lt;input _ngcontent-qrr-c52=&amp;quot;&amp;quot; formcontrolname=&amp;quot;email&amp;quot; type=&amp;quot;text&amp;quot; placeholder=&amp;quot;Email / mobile number&amp;quot; required=&amp;quot;&amp;quot; autofocus=&amp;quot;&amp;quot; tabindex=&amp;quot;1&amp;quot; class=&amp;quot;form-control ng-dirty ng-valid ng-touched&amp;quot;&amp;gt;
  (Session info: chrome=112.0.5615.138)
Build info: version: &amp;apos;3.141.59&amp;apos;, revision: &amp;apos;e82be7d358&amp;apos;, time: &amp;apos;2018-11-14T08:17:03&amp;apos;
System info: host: &amp;apos;DESKTOP-4S0UVB3&amp;apos;, ip: &amp;apos;192.168.20.208&amp;apos;, os.name: &amp;apos;Windows 10&amp;apos;, os.arch: &amp;apos;amd64&amp;apos;, os.version: &amp;apos;10.0&amp;apos;, java.version: &amp;apos;17.0.6&amp;apos;
Driver info: org.openqa.selenium.chrome.ChromeDriver
Capabilities {acceptInsecureCerts: false, browserName: chrome, browserVersion: 112.0.5615.138, chrome: {chromedriverVersion: 111.0.5563.64 (c710e93d5b63..., userDataDir: C:\Users\Admin\AppData\Loca...}, goog:chromeOptions: {debuggerAddress: localhost:53337}, javascriptEnabled: true, networkConnectionEnabled: false, pageLoadStrategy: normal, platform: WINDOWS, platformName: WINDOWS, proxy: Proxy(), setWindowRect: true, strictFileInteractability: false, timeouts: {implicit: 0, pageLoad: 300000, script: 30000}, unhandledPromptBehavior: dismiss and notify, webauthn:extension:credBlob: true, webauthn:extension:largeBlob: true, webauthn:extension:minPinLength: true, webauthn:extension:prf: true, webauthn:virtualAuthenticators: true}
Session ID: 190239341cc50d8da46ad3670f7367f6">
      <![CDATA[org.openqa.selenium.ElementClickInterceptedException: element click intercepted: Element <button _ngcontent-qrr-c52="" type="submit" class="btn btn-primary btn-block btn-md">...</button> is not clickable at point (668, 326). Other element would receive the click: <input _ngcontent-qrr-c52="" formcontrolname="email" type="text" placeholder="Email / mobile number" required="" autofocus="" tabindex="1" class="form-control ng-dirty ng-valid ng-touched">
  (Session info: chrome=112.0.5615.138)
Build info: version: '3.141.59', revision: 'e82be7d358', time: '2018-11-14T08:17:03'
System info: host: 'DESKTOP-4S0UVB3', ip: '192.168.20.208', os.name: 'Windows 10', os.arch: 'amd64', os.version: '10.0', java.version: '17.0.6'
Driver info: org.openqa.selenium.chrome.ChromeDriver
Capabilities {acceptInsecureCerts: false, browserName: chrome, browserVersion: 112.0.5615.138, chrome: {chromedriverVersion: 111.0.5563.64 (c710e93d5b63..., userDataDir: C:\Users\Admin\AppData\Loca...}, goog:chromeOptions: {debuggerAddress: localhost:53337}, javascriptEnabled: true, networkConnectionEnabled: false, pageLoadStrategy: normal, platform: WINDOWS, platformName: WINDOWS, proxy: Proxy(), setWindowRect: true, strictFileInteractability: false, timeouts: {implicit: 0, pageLoad: 300000, script: 30000}, unhandledPromptBehavior: dismiss and notify, webauthn:extension:credBlob: true, webauthn:extension:largeBlob: true, webauthn:extension:minPinLength: true, webauthn:extension:prf: true, webauthn:virtualAuthenticators: true}
Session ID: 190239341cc50d8da46ad3670f7367f6
at org.openqa.selenium.remote.http.W3CHttpResponseCodec.createException(W3CHttpResponseCodec.java:187)
at org.openqa.selenium.remote.http.W3CHttpResponseCodec.decode(W3CHttpResponseCodec.java:122)
at org.openqa.selenium.remote.http.W3CHttpResponseCodec.decode(W3CHttpResponseCodec.java:49)
at org.openqa.selenium.remote.HttpCommandExecutor.execute(HttpCommandExecutor.java:158)
at org.openqa.selenium.remote.service.DriverCommandExecutor.execute(DriverCommandExecutor.java:83)
at org.openqa.selenium.remote.RemoteWebDriver.execute(RemoteWebDriver.java:552)
at org.openqa.selenium.remote.RemoteWebElement.execute(RemoteWebElement.java:285)
at org.openqa.selenium.remote.RemoteWebElement.click(RemoteWebElement.java:84)
at org.openqa.selenium.support.pagefactory.internal.LocatingElementHandler.invoke(LocatingElementHandler.java:51)
at jdk.proxy2/jdk.proxy2.$Proxy14.click(Unknown Source)
at fmswallet.Walletlogin.mobileno(Walletlogin.java:45)
at goldsuvidha.redeemtestng.test1(redeemtestng.java:68)
at java.base/java.util.ArrayList.forEach(ArrayList.java:1511)
... Removed 35 stack frames]]>
    </failure>
  </testcase> <!-- test1 -->
  <testcase classname="goldsuvidha.Sellgoldtestng" name="test2" time="35.398"/>
  <testcase classname="goldsuvidha.transfertestng" name="test1" time="12.963"/>
  <testcase classname="passbook.passbooktestng" name="test" time="18.596"/>
  <testcase classname="Eventtest.eventtestng" name="test1" time="25.124"/>
  <testcase classname="Eventtest.marrigetestng" name="test1" time="39.219"/>
</testsuite> <!-- goldsikkaTest -->
