<?xml version="1.0" encoding="UTF-8"?>
<!-- Generated by org.testng.reporters.JUnitXMLReporter -->
<testsuite hostname="DESKTOP-4S0UVB3" failures="0" tests="1" name="dashboardTest" time="0.038" errors="0" timestamp="25 Apr 2023 05:07:46 GMT">
  <testcase classname="dashboard.dashboardtestng" name="@BeforeTest beforetest" time="0.0">
    <failure type="org.testng.TestNGException" message="
Parameter &amp;apos;browsers&amp;apos; is required by @Configuration on method beforetest but has not been marked @Optional or defined
in C:\Users\Admin\eclipse-workspace\Goldsikka.com\testng.xml">
      <![CDATA[org.testng.TestNGException: 
Parameter 'browsers' is required by @Configuration on method beforetest but has not been marked @Optional or defined
in C:\Users\Admin\eclipse-workspace\Goldsikka.com\testng.xml
... Removed 19 stack frames]]>
    </failure>
  </testcase> <!-- @BeforeTest beforetest -->
  <testcase classname="dashboard.dashboardtestng" name="@BeforeClass beforeclass" time="0.0">
    <skipped/>
  </testcase> <!-- @BeforeClass beforeclass -->
  <testcase classname="dashboard.dashboardtestng" name="@BeforeMethod beforemethod" time="0.0">
    <skipped/>
  </testcase> <!-- @BeforeMethod beforemethod -->
  <testcase classname="dashboard.dashboardtestng" name="@AfterMethod aftermethod" time="0.0">
    <skipped/>
  </testcase> <!-- @AfterMethod aftermethod -->
  <testcase classname="dashboard.dashboardtestng" name="@AfterClass afterclass" time="0.0">
    <skipped/>
  </testcase> <!-- @AfterClass afterclass -->
  <testcase classname="dashboard.dashboardtestng" name="test" time="0.006">
    <skipped/>
  </testcase> <!-- test -->
</testsuite> <!-- dashboardTest -->
